app/build/intermediates/manifest_merge_blame_file/debug/manifest-merger-blame-debug-report.txt
1<?xml version="1.0" encoding="utf-8"?>
2<manifest xmlns:android="http://schemas.android.com/apk/res/android"
3    package="com.womkk"
4    android:versionCode="1"
5    android:versionName="1.0" >
6
7    <uses-sdk
8        android:minSdkVersion="28"
8-->src\main\AndroidManifest.xml
9        android:targetSdkVersion="34" />
9-->src\main\AndroidManifest.xml
10
11    <uses-permission android:name="android.permission.INTERNET" />
11-->src\main\AndroidManifest.xml:6:5-67
11-->src\main\AndroidManifest.xml:6:22-64
12    <uses-permission android:name="android.permission.ACCESS_FINE_LOCATION" />
12-->src\main\AndroidManifest.xml:7:5-79
12-->src\main\AndroidManifest.xml:7:22-76
13    <uses-permission android:name="android.permission.ACCESS_COARSE_LOCATION" />
13-->src\main\AndroidManifest.xml:8:5-81
13-->src\main\AndroidManifest.xml:8:22-78
14    <uses-permission android:name="android.permission.ACCESS_NETWORK_STATE" />
14-->[com.google.firebase:firebase-auth:23.0.0] AndroidManifest.xml:26:5-79
14-->[com.google.firebase:firebase-auth:23.0.0] AndroidManifest.xml:26:22-76
15    <uses-permission android:name="android.permission.POST_NOTIFICATIONS" />
15-->[com.google.firebase:firebase-messaging:24.0.0] AndroidManifest.xml:23:5-77
15-->[com.google.firebase:firebase-messaging:24.0.0] AndroidManifest.xml:23:22-74
16    <uses-permission android:name="android.permission.WAKE_LOCK" /> <!-- Required by older versions of Google Play services to create IID tokens -->
16-->[com.google.firebase:firebase-messaging:24.0.0] AndroidManifest.xml:24:5-68
16-->[com.google.firebase:firebase-messaging:24.0.0] AndroidManifest.xml:24:22-65
17    <uses-permission android:name="com.google.android.c2dm.permission.RECEIVE" />
17-->[com.google.firebase:firebase-messaging:24.0.0] AndroidManifest.xml:26:5-82
17-->[com.google.firebase:firebase-messaging:24.0.0] AndroidManifest.xml:26:22-79
18    <uses-permission android:name="android.permission.ACCESS_WIFI_STATE" />
18-->[com.yandex.android:maps.mobile:4.6.1-full] AndroidManifest.xml:15:5-76
18-->[com.yandex.android:maps.mobile:4.6.1-full] AndroidManifest.xml:15:22-73
19    <uses-permission android:name="android.permission.CHANGE_WIFI_STATE" />
19-->[com.yandex.android:maps.mobile:4.6.1-full] AndroidManifest.xml:16:5-76
19-->[com.yandex.android:maps.mobile:4.6.1-full] AndroidManifest.xml:16:22-73
20    <uses-permission android:name="android.permission.RECEIVE_BOOT_COMPLETED" />
20-->[com.yandex.android:maps.mobile:4.6.1-full] AndroidManifest.xml:22:5-81
20-->[com.yandex.android:maps.mobile:4.6.1-full] AndroidManifest.xml:22:22-78
21    <uses-permission android:name="com.google.android.finsky.permission.BIND_GET_INSTALL_REFERRER_SERVICE" />
21-->[com.google.android.gms:play-services-measurement:22.0.1] AndroidManifest.xml:26:5-110
21-->[com.google.android.gms:play-services-measurement:22.0.1] AndroidManifest.xml:26:22-107
22    <uses-permission android:name="com.google.android.gms.permission.AD_ID" />
22-->[com.google.android.gms:play-services-measurement-api:22.0.1] AndroidManifest.xml:25:5-79
22-->[com.google.android.gms:play-services-measurement-api:22.0.1] AndroidManifest.xml:25:22-76
23    <uses-permission android:name="android.permission.ACCESS_ADSERVICES_ATTRIBUTION" />
23-->[com.google.android.gms:play-services-measurement-api:22.0.1] AndroidManifest.xml:26:5-88
23-->[com.google.android.gms:play-services-measurement-api:22.0.1] AndroidManifest.xml:26:22-85
24    <uses-permission android:name="android.permission.ACCESS_ADSERVICES_AD_ID" />
24-->[com.google.android.gms:play-services-measurement-api:22.0.1] AndroidManifest.xml:27:5-82
24-->[com.google.android.gms:play-services-measurement-api:22.0.1] AndroidManifest.xml:27:22-79
25    <uses-permission android:name="com.google.android.providers.gsf.permission.READ_GSERVICES" />
25-->[com.google.android.recaptcha:recaptcha:18.4.0] AndroidManifest.xml:9:5-98
25-->[com.google.android.recaptcha:recaptcha:18.4.0] AndroidManifest.xml:9:22-95
26    <uses-permission android:name="android.permission.FOREGROUND_SERVICE" />
26-->[androidx.work:work-runtime:2.8.1] AndroidManifest.xml:26:5-77
26-->[androidx.work:work-runtime:2.8.1] AndroidManifest.xml:26:22-74
27
28    <permission
28-->[androidx.core:core:1.9.0] AndroidManifest.xml:22:5-24:47
29        android:name="com.womkk.DYNAMIC_RECEIVER_NOT_EXPORTED_PERMISSION"
29-->[androidx.core:core:1.9.0] AndroidManifest.xml:23:9-81
30        android:protectionLevel="signature" />
30-->[androidx.core:core:1.9.0] AndroidManifest.xml:24:9-44
31
32    <uses-permission android:name="com.womkk.DYNAMIC_RECEIVER_NOT_EXPORTED_PERMISSION" />
32-->[androidx.core:core:1.9.0] AndroidManifest.xml:26:5-97
32-->[androidx.core:core:1.9.0] AndroidManifest.xml:26:22-94
33
34    <queries>
34-->[com.google.ar:core:1.31.0] AndroidManifest.xml:29:5-31:15
35        <package android:name="com.google.ar.core" />
35-->[com.google.ar:core:1.31.0] AndroidManifest.xml:30:9-54
35-->[com.google.ar:core:1.31.0] AndroidManifest.xml:30:18-51
36    </queries>
37
38    <application
38-->src\main\AndroidManifest.xml:10:5-40:19
39        android:allowBackup="true"
39-->src\main\AndroidManifest.xml:11:9-35
40        android:appComponentFactory="androidx.core.app.CoreComponentFactory"
40-->[androidx.core:core:1.9.0] AndroidManifest.xml:28:18-86
41        android:debuggable="true"
42        android:extractNativeLibs="false"
43        android:icon="@mipmap/ic_launcher_1"
43-->src\main\AndroidManifest.xml:12:9-45
44        android:label="@string/app_name"
44-->src\main\AndroidManifest.xml:13:9-41
45        android:requestLegacyExternalStorage="true"
45-->src\main\AndroidManifest.xml:16:9-52
46        android:roundIcon="@mipmap/ic_launcher_round"
46-->src\main\AndroidManifest.xml:14:9-54
47        android:supportsRtl="true"
47-->src\main\AndroidManifest.xml:15:9-35
48        android:testOnly="true"
49        android:theme="@style/Theme.MuseumAR.NoActionBar" >
49-->src\main\AndroidManifest.xml:17:9-58
50        <activity
50-->src\main\AndroidManifest.xml:18:9-27:20
51            android:name="com.womkk.ui.MainActivity"
51-->src\main\AndroidManifest.xml:19:13-44
52            android:exported="true" >
52-->src\main\AndroidManifest.xml:20:13-36
53            <intent-filter>
53-->src\main\AndroidManifest.xml:22:13-26:29
54                <action android:name="android.intent.action.MAIN" />
54-->src\main\AndroidManifest.xml:23:17-69
54-->src\main\AndroidManifest.xml:23:25-66
55
56                <category android:name="android.intent.category.LAUNCHER" />
56-->src\main\AndroidManifest.xml:25:17-77
56-->src\main\AndroidManifest.xml:25:27-74
57            </intent-filter>
58        </activity>
59        <activity
59-->src\main\AndroidManifest.xml:29:9-31:54
60            android:name="com.womkk.ui.ar.ARActivity"
60-->src\main\AndroidManifest.xml:30:13-45
61            android:screenOrientation="fullSensor" />
61-->src\main\AndroidManifest.xml:31:13-51
62
63        <meta-data
63-->src\main\AndroidManifest.xml:33:9-35:40
64            android:name="com.google.ar.core"
64-->src\main\AndroidManifest.xml:34:13-46
65            android:value="optional" />
65-->src\main\AndroidManifest.xml:35:13-37
66        <meta-data
66-->src\main\AndroidManifest.xml:37:9-39:68
67            android:name="com.yandex.maps.apikey"
67-->src\main\AndroidManifest.xml:38:13-50
68            android:value="d0c42135-50be-4de5-8cff-1429297cad25" />
68-->src\main\AndroidManifest.xml:39:13-65
69
70        <activity
70-->[com.google.firebase:firebase-auth:23.0.0] AndroidManifest.xml:29:9-46:20
71            android:name="com.google.firebase.auth.internal.GenericIdpActivity"
71-->[com.google.firebase:firebase-auth:23.0.0] AndroidManifest.xml:30:13-80
72            android:excludeFromRecents="true"
72-->[com.google.firebase:firebase-auth:23.0.0] AndroidManifest.xml:31:13-46
73            android:exported="true"
73-->[com.google.firebase:firebase-auth:23.0.0] AndroidManifest.xml:32:13-36
74            android:launchMode="singleTask"
74-->[com.google.firebase:firebase-auth:23.0.0] AndroidManifest.xml:33:13-44
75            android:theme="@android:style/Theme.Translucent.NoTitleBar" >
75-->[com.google.firebase:firebase-auth:23.0.0] AndroidManifest.xml:34:13-72
76            <intent-filter>
76-->[com.google.firebase:firebase-auth:23.0.0] AndroidManifest.xml:35:13-45:29
77                <action android:name="android.intent.action.VIEW" />
77-->[com.google.firebase:firebase-auth:23.0.0] AndroidManifest.xml:36:17-69
77-->[com.google.firebase:firebase-auth:23.0.0] AndroidManifest.xml:36:25-66
78
79                <category android:name="android.intent.category.DEFAULT" />
79-->[com.google.firebase:firebase-auth:23.0.0] AndroidManifest.xml:38:17-76
79-->[com.google.firebase:firebase-auth:23.0.0] AndroidManifest.xml:38:27-73
80                <category android:name="android.intent.category.BROWSABLE" />
80-->[com.google.firebase:firebase-auth:23.0.0] AndroidManifest.xml:39:17-78
80-->[com.google.firebase:firebase-auth:23.0.0] AndroidManifest.xml:39:27-75
81
82                <data
82-->[com.google.firebase:firebase-auth:23.0.0] AndroidManifest.xml:41:17-44:51
83                    android:host="firebase.auth"
83-->[com.google.firebase:firebase-auth:23.0.0] AndroidManifest.xml:42:21-49
84                    android:path="/"
84-->[com.google.firebase:firebase-auth:23.0.0] AndroidManifest.xml:43:21-37
85                    android:scheme="genericidp" />
85-->[com.google.firebase:firebase-auth:23.0.0] AndroidManifest.xml:44:21-48
86            </intent-filter>
87        </activity>
88        <activity
88-->[com.google.firebase:firebase-auth:23.0.0] AndroidManifest.xml:47:9-64:20
89            android:name="com.google.firebase.auth.internal.RecaptchaActivity"
89-->[com.google.firebase:firebase-auth:23.0.0] AndroidManifest.xml:48:13-79
90            android:excludeFromRecents="true"
90-->[com.google.firebase:firebase-auth:23.0.0] AndroidManifest.xml:49:13-46
91            android:exported="true"
91-->[com.google.firebase:firebase-auth:23.0.0] AndroidManifest.xml:50:13-36
92            android:launchMode="singleTask"
92-->[com.google.firebase:firebase-auth:23.0.0] AndroidManifest.xml:51:13-44
93            android:theme="@android:style/Theme.Translucent.NoTitleBar" >
93-->[com.google.firebase:firebase-auth:23.0.0] AndroidManifest.xml:52:13-72
94            <intent-filter>
94-->[com.google.firebase:firebase-auth:23.0.0] AndroidManifest.xml:53:13-63:29
95                <action android:name="android.intent.action.VIEW" />
95-->[com.google.firebase:firebase-auth:23.0.0] AndroidManifest.xml:36:17-69
95-->[com.google.firebase:firebase-auth:23.0.0] AndroidManifest.xml:36:25-66
96
97                <category android:name="android.intent.category.DEFAULT" />
97-->[com.google.firebase:firebase-auth:23.0.0] AndroidManifest.xml:38:17-76
97-->[com.google.firebase:firebase-auth:23.0.0] AndroidManifest.xml:38:27-73
98                <category android:name="android.intent.category.BROWSABLE" />
98-->[com.google.firebase:firebase-auth:23.0.0] AndroidManifest.xml:39:17-78
98-->[com.google.firebase:firebase-auth:23.0.0] AndroidManifest.xml:39:27-75
99
100                <data
100-->[com.google.firebase:firebase-auth:23.0.0] AndroidManifest.xml:41:17-44:51
101                    android:host="firebase.auth"
101-->[com.google.firebase:firebase-auth:23.0.0] AndroidManifest.xml:42:21-49
102                    android:path="/"
102-->[com.google.firebase:firebase-auth:23.0.0] AndroidManifest.xml:43:21-37
103                    android:scheme="recaptcha" />
103-->[com.google.firebase:firebase-auth:23.0.0] AndroidManifest.xml:44:21-48
104            </intent-filter>
105        </activity>
106
107        <service
107-->[com.google.firebase:firebase-auth:23.0.0] AndroidManifest.xml:66:9-72:19
108            android:name="com.google.firebase.components.ComponentDiscoveryService"
108-->[com.google.firebase:firebase-auth:23.0.0] AndroidManifest.xml:67:13-84
109            android:directBootAware="true"
109-->[com.google.firebase:firebase-common:21.0.0] AndroidManifest.xml:32:13-43
110            android:exported="false" >
110-->[com.google.firebase:firebase-auth:23.0.0] AndroidManifest.xml:68:13-37
111            <meta-data
111-->[com.google.firebase:firebase-auth:23.0.0] AndroidManifest.xml:69:13-71:85
112                android:name="com.google.firebase.components:com.google.firebase.auth.FirebaseAuthRegistrar"
112-->[com.google.firebase:firebase-auth:23.0.0] AndroidManifest.xml:70:17-109
113                android:value="com.google.firebase.components.ComponentRegistrar" />
113-->[com.google.firebase:firebase-auth:23.0.0] AndroidManifest.xml:71:17-82
114            <meta-data
114-->[com.google.firebase:firebase-firestore:25.0.0] AndroidManifest.xml:17:13-19:85
115                android:name="com.google.firebase.components:com.google.firebase.firestore.FirebaseFirestoreKtxRegistrar"
115-->[com.google.firebase:firebase-firestore:25.0.0] AndroidManifest.xml:18:17-122
116                android:value="com.google.firebase.components.ComponentRegistrar" />
116-->[com.google.firebase:firebase-firestore:25.0.0] AndroidManifest.xml:19:17-82
117            <meta-data
117-->[com.google.firebase:firebase-firestore:25.0.0] AndroidManifest.xml:20:13-22:85
118                android:name="com.google.firebase.components:com.google.firebase.firestore.FirestoreRegistrar"
118-->[com.google.firebase:firebase-firestore:25.0.0] AndroidManifest.xml:21:17-111
119                android:value="com.google.firebase.components.ComponentRegistrar" />
119-->[com.google.firebase:firebase-firestore:25.0.0] AndroidManifest.xml:22:17-82
120            <meta-data
120-->[com.google.firebase:firebase-messaging:24.0.0] AndroidManifest.xml:57:13-59:85
121                android:name="com.google.firebase.components:com.google.firebase.messaging.FirebaseMessagingKtxRegistrar"
121-->[com.google.firebase:firebase-messaging:24.0.0] AndroidManifest.xml:58:17-122
122                android:value="com.google.firebase.components.ComponentRegistrar" />
122-->[com.google.firebase:firebase-messaging:24.0.0] AndroidManifest.xml:59:17-82
123            <meta-data
123-->[com.google.firebase:firebase-messaging:24.0.0] AndroidManifest.xml:60:13-62:85
124                android:name="com.google.firebase.components:com.google.firebase.messaging.FirebaseMessagingRegistrar"
124-->[com.google.firebase:firebase-messaging:24.0.0] AndroidManifest.xml:61:17-119
125                android:value="com.google.firebase.components.ComponentRegistrar" />
125-->[com.google.firebase:firebase-messaging:24.0.0] AndroidManifest.xml:62:17-82
126            <meta-data
126-->[com.google.android.gms:play-services-measurement-api:22.0.1] AndroidManifest.xml:37:13-39:85
127                android:name="com.google.firebase.components:com.google.firebase.analytics.connector.internal.AnalyticsConnectorRegistrar"
127-->[com.google.android.gms:play-services-measurement-api:22.0.1] AndroidManifest.xml:38:17-139
128                android:value="com.google.firebase.components.ComponentRegistrar" />
128-->[com.google.android.gms:play-services-measurement-api:22.0.1] AndroidManifest.xml:39:17-82
129            <meta-data
129-->[com.google.firebase:firebase-crashlytics:19.0.1] AndroidManifest.xml:15:13-17:85
130                android:name="com.google.firebase.components:com.google.firebase.crashlytics.FirebaseCrashlyticsKtxRegistrar"
130-->[com.google.firebase:firebase-crashlytics:19.0.1] AndroidManifest.xml:16:17-126
131                android:value="com.google.firebase.components.ComponentRegistrar" />
131-->[com.google.firebase:firebase-crashlytics:19.0.1] AndroidManifest.xml:17:17-82
132            <meta-data
132-->[com.google.firebase:firebase-crashlytics:19.0.1] AndroidManifest.xml:18:13-20:85
133                android:name="com.google.firebase.components:com.google.firebase.crashlytics.CrashlyticsRegistrar"
133-->[com.google.firebase:firebase-crashlytics:19.0.1] AndroidManifest.xml:19:17-115
134                android:value="com.google.firebase.components.ComponentRegistrar" />
134-->[com.google.firebase:firebase-crashlytics:19.0.1] AndroidManifest.xml:20:17-82
135            <meta-data
135-->[com.google.firebase:firebase-storage:21.0.0] AndroidManifest.xml:30:13-32:85
136                android:name="com.google.firebase.components:com.google.firebase.storage.FirebaseStorageKtxRegistrar"
136-->[com.google.firebase:firebase-storage:21.0.0] AndroidManifest.xml:31:17-118
137                android:value="com.google.firebase.components.ComponentRegistrar" />
137-->[com.google.firebase:firebase-storage:21.0.0] AndroidManifest.xml:32:17-82
138            <meta-data
138-->[com.google.firebase:firebase-storage:21.0.0] AndroidManifest.xml:33:13-35:85
139                android:name="com.google.firebase.components:com.google.firebase.storage.StorageRegistrar"
139-->[com.google.firebase:firebase-storage:21.0.0] AndroidManifest.xml:34:17-107
140                android:value="com.google.firebase.components.ComponentRegistrar" />
140-->[com.google.firebase:firebase-storage:21.0.0] AndroidManifest.xml:35:17-82
141            <meta-data
141-->[com.google.firebase:firebase-sessions:2.0.1] AndroidManifest.xml:29:13-31:85
142                android:name="com.google.firebase.components:com.google.firebase.sessions.FirebaseSessionsRegistrar"
142-->[com.google.firebase:firebase-sessions:2.0.1] AndroidManifest.xml:30:17-117
143                android:value="com.google.firebase.components.ComponentRegistrar" />
143-->[com.google.firebase:firebase-sessions:2.0.1] AndroidManifest.xml:31:17-82
144            <meta-data
144-->[com.google.firebase:firebase-installations:18.0.0] AndroidManifest.xml:15:13-17:85
145                android:name="com.google.firebase.components:com.google.firebase.installations.FirebaseInstallationsKtxRegistrar"
145-->[com.google.firebase:firebase-installations:18.0.0] AndroidManifest.xml:16:17-130
146                android:value="com.google.firebase.components.ComponentRegistrar" />
146-->[com.google.firebase:firebase-installations:18.0.0] AndroidManifest.xml:17:17-82
147            <meta-data
147-->[com.google.firebase:firebase-installations:18.0.0] AndroidManifest.xml:18:13-20:85
148                android:name="com.google.firebase.components:com.google.firebase.installations.FirebaseInstallationsRegistrar"
148-->[com.google.firebase:firebase-installations:18.0.0] AndroidManifest.xml:19:17-127
149                android:value="com.google.firebase.components.ComponentRegistrar" />
149-->[com.google.firebase:firebase-installations:18.0.0] AndroidManifest.xml:20:17-82
150            <meta-data
150-->[com.google.firebase:firebase-appcheck:18.0.0] AndroidManifest.xml:25:13-27:85
151                android:name="com.google.firebase.components:com.google.firebase.appcheck.FirebaseAppCheckKtxRegistrar"
151-->[com.google.firebase:firebase-appcheck:18.0.0] AndroidManifest.xml:26:17-120
152                android:value="com.google.firebase.components.ComponentRegistrar" />
152-->[com.google.firebase:firebase-appcheck:18.0.0] AndroidManifest.xml:27:17-82
153            <meta-data
153-->[com.google.firebase:firebase-appcheck:18.0.0] AndroidManifest.xml:28:13-30:85
154                android:name="com.google.firebase.components:com.google.firebase.appcheck.FirebaseAppCheckRegistrar"
154-->[com.google.firebase:firebase-appcheck:18.0.0] AndroidManifest.xml:29:17-117
155                android:value="com.google.firebase.components.ComponentRegistrar" />
155-->[com.google.firebase:firebase-appcheck:18.0.0] AndroidManifest.xml:30:17-82
156            <meta-data
156-->[com.google.firebase:firebase-common-ktx:21.0.0] AndroidManifest.xml:12:13-14:85
157                android:name="com.google.firebase.components:com.google.firebase.ktx.FirebaseCommonLegacyRegistrar"
157-->[com.google.firebase:firebase-common-ktx:21.0.0] AndroidManifest.xml:13:17-116
158                android:value="com.google.firebase.components.ComponentRegistrar" />
158-->[com.google.firebase:firebase-common-ktx:21.0.0] AndroidManifest.xml:14:17-82
159            <meta-data
159-->[com.google.firebase:firebase-common:21.0.0] AndroidManifest.xml:35:13-37:85
160                android:name="com.google.firebase.components:com.google.firebase.FirebaseCommonKtxRegistrar"
160-->[com.google.firebase:firebase-common:21.0.0] AndroidManifest.xml:36:17-109
161                android:value="com.google.firebase.components.ComponentRegistrar" />
161-->[com.google.firebase:firebase-common:21.0.0] AndroidManifest.xml:37:17-82
162            <meta-data
162-->[com.google.firebase:firebase-datatransport:18.2.0] AndroidManifest.xml:25:13-27:85
163                android:name="com.google.firebase.components:com.google.firebase.datatransport.TransportRegistrar"
163-->[com.google.firebase:firebase-datatransport:18.2.0] AndroidManifest.xml:26:17-115
164                android:value="com.google.firebase.components.ComponentRegistrar" />
164-->[com.google.firebase:firebase-datatransport:18.2.0] AndroidManifest.xml:27:17-82
165        </service>
166
167        <receiver
167-->[com.google.firebase:firebase-messaging:24.0.0] AndroidManifest.xml:29:9-40:20
168            android:name="com.google.firebase.iid.FirebaseInstanceIdReceiver"
168-->[com.google.firebase:firebase-messaging:24.0.0] AndroidManifest.xml:30:13-78
169            android:exported="true"
169-->[com.google.firebase:firebase-messaging:24.0.0] AndroidManifest.xml:31:13-36
170            android:permission="com.google.android.c2dm.permission.SEND" >
170-->[com.google.firebase:firebase-messaging:24.0.0] AndroidManifest.xml:32:13-73
171            <intent-filter>
171-->[com.google.firebase:firebase-messaging:24.0.0] AndroidManifest.xml:33:13-35:29
172                <action android:name="com.google.android.c2dm.intent.RECEIVE" />
172-->[com.google.firebase:firebase-messaging:24.0.0] AndroidManifest.xml:34:17-81
172-->[com.google.firebase:firebase-messaging:24.0.0] AndroidManifest.xml:34:25-78
173            </intent-filter>
174
175            <meta-data
175-->[com.google.firebase:firebase-messaging:24.0.0] AndroidManifest.xml:37:13-39:40
176                android:name="com.google.android.gms.cloudmessaging.FINISHED_AFTER_HANDLED"
176-->[com.google.firebase:firebase-messaging:24.0.0] AndroidManifest.xml:38:17-92
177                android:value="true" />
177-->[com.google.firebase:firebase-messaging:24.0.0] AndroidManifest.xml:39:17-37
178        </receiver>
179        <!--
180             FirebaseMessagingService performs security checks at runtime,
181             but set to not exported to explicitly avoid allowing another app to call it.
182        -->
183        <service
183-->[com.google.firebase:firebase-messaging:24.0.0] AndroidManifest.xml:46:9-53:19
184            android:name="com.google.firebase.messaging.FirebaseMessagingService"
184-->[com.google.firebase:firebase-messaging:24.0.0] AndroidManifest.xml:47:13-82
185            android:directBootAware="true"
185-->[com.google.firebase:firebase-messaging:24.0.0] AndroidManifest.xml:48:13-43
186            android:exported="false" >
186-->[com.google.firebase:firebase-messaging:24.0.0] AndroidManifest.xml:49:13-37
187            <intent-filter android:priority="-500" >
187-->[com.google.firebase:firebase-messaging:24.0.0] AndroidManifest.xml:50:13-52:29
187-->[com.google.firebase:firebase-messaging:24.0.0] AndroidManifest.xml:50:28-51
188                <action android:name="com.google.firebase.MESSAGING_EVENT" />
188-->[com.google.firebase:firebase-messaging:24.0.0] AndroidManifest.xml:51:17-78
188-->[com.google.firebase:firebase-messaging:24.0.0] AndroidManifest.xml:51:25-75
189            </intent-filter>
190        </service>
191
192        <meta-data
192-->[com.yandex.android:maps.mobile:4.6.1-full] AndroidManifest.xml:25:9-27:38
193            android:name="yandex.maps.runtime.stl.linkage"
193-->[com.yandex.android:maps.mobile:4.6.1-full] AndroidManifest.xml:26:13-59
194            android:value="static" />
194-->[com.yandex.android:maps.mobile:4.6.1-full] AndroidManifest.xml:27:13-35
195
196        <service
196-->[com.yandex.android:maps.mobile:4.6.1-full] AndroidManifest.xml:29:9-32:72
197            android:name="com.yandex.runtime.connectivity.internal.ConnectivityService"
197-->[com.yandex.android:maps.mobile:4.6.1-full] AndroidManifest.xml:30:13-88
198            android:exported="true"
198-->[com.yandex.android:maps.mobile:4.6.1-full] AndroidManifest.xml:31:13-36
199            android:permission="android.permission.BIND_JOB_SERVICE" />
199-->[com.yandex.android:maps.mobile:4.6.1-full] AndroidManifest.xml:32:13-69
200
201        <receiver
201-->[com.google.android.gms:play-services-measurement:22.0.1] AndroidManifest.xml:29:9-33:20
202            android:name="com.google.android.gms.measurement.AppMeasurementReceiver"
202-->[com.google.android.gms:play-services-measurement:22.0.1] AndroidManifest.xml:30:13-85
203            android:enabled="true"
203-->[com.google.android.gms:play-services-measurement:22.0.1] AndroidManifest.xml:31:13-35
204            android:exported="false" >
204-->[com.google.android.gms:play-services-measurement:22.0.1] AndroidManifest.xml:32:13-37
205        </receiver>
206
207        <service
207-->[com.google.android.gms:play-services-measurement:22.0.1] AndroidManifest.xml:35:9-38:40
208            android:name="com.google.android.gms.measurement.AppMeasurementService"
208-->[com.google.android.gms:play-services-measurement:22.0.1] AndroidManifest.xml:36:13-84
209            android:enabled="true"
209-->[com.google.android.gms:play-services-measurement:22.0.1] AndroidManifest.xml:37:13-35
210            android:exported="false" />
210-->[com.google.android.gms:play-services-measurement:22.0.1] AndroidManifest.xml:38:13-37
211        <service
211-->[com.google.android.gms:play-services-measurement:22.0.1] AndroidManifest.xml:39:9-43:72
212            android:name="com.google.android.gms.measurement.AppMeasurementJobService"
212-->[com.google.android.gms:play-services-measurement:22.0.1] AndroidManifest.xml:40:13-87
213            android:enabled="true"
213-->[com.google.android.gms:play-services-measurement:22.0.1] AndroidManifest.xml:41:13-35
214            android:exported="false"
214-->[com.google.android.gms:play-services-measurement:22.0.1] AndroidManifest.xml:42:13-37
215            android:permission="android.permission.BIND_JOB_SERVICE" />
215-->[com.google.android.gms:play-services-measurement:22.0.1] AndroidManifest.xml:43:13-69
216
217        <property
217-->[com.google.android.gms:play-services-measurement-api:22.0.1] AndroidManifest.xml:30:9-32:61
218            android:name="android.adservices.AD_SERVICES_CONFIG"
218-->[com.google.android.gms:play-services-measurement-api:22.0.1] AndroidManifest.xml:31:13-65
219            android:resource="@xml/ga_ad_services_config" />
219-->[com.google.android.gms:play-services-measurement-api:22.0.1] AndroidManifest.xml:32:13-58
220
221        <service
221-->[androidx.credentials:credentials-play-services-auth:1.2.0-rc01] AndroidManifest.xml:24:9-32:19
222            android:name="androidx.credentials.playservices.CredentialProviderMetadataHolder"
222-->[androidx.credentials:credentials-play-services-auth:1.2.0-rc01] AndroidManifest.xml:25:13-94
223            android:enabled="true"
223-->[androidx.credentials:credentials-play-services-auth:1.2.0-rc01] AndroidManifest.xml:26:13-35
224            android:exported="false" >
224-->[androidx.credentials:credentials-play-services-auth:1.2.0-rc01] AndroidManifest.xml:27:13-37
225            <meta-data
225-->[androidx.credentials:credentials-play-services-auth:1.2.0-rc01] AndroidManifest.xml:29:13-31:104
226                android:name="androidx.credentials.CREDENTIAL_PROVIDER_KEY"
226-->[androidx.credentials:credentials-play-services-auth:1.2.0-rc01] AndroidManifest.xml:30:17-76
227                android:value="androidx.credentials.playservices.CredentialProviderPlayServicesImpl" />
227-->[androidx.credentials:credentials-play-services-auth:1.2.0-rc01] AndroidManifest.xml:31:17-101
228        </service>
229
230        <activity
230-->[androidx.credentials:credentials-play-services-auth:1.2.0-rc01] AndroidManifest.xml:34:9-41:20
231            android:name="androidx.credentials.playservices.HiddenActivity"
231-->[androidx.credentials:credentials-play-services-auth:1.2.0-rc01] AndroidManifest.xml:35:13-76
232            android:configChanges="orientation|screenSize|screenLayout|keyboardHidden"
232-->[androidx.credentials:credentials-play-services-auth:1.2.0-rc01] AndroidManifest.xml:36:13-87
233            android:enabled="true"
233-->[androidx.credentials:credentials-play-services-auth:1.2.0-rc01] AndroidManifest.xml:37:13-35
234            android:exported="false"
234-->[androidx.credentials:credentials-play-services-auth:1.2.0-rc01] AndroidManifest.xml:38:13-37
235            android:fitsSystemWindows="true"
235-->[androidx.credentials:credentials-play-services-auth:1.2.0-rc01] AndroidManifest.xml:39:13-45
236            android:theme="@style/Theme.Hidden" >
236-->[androidx.credentials:credentials-play-services-auth:1.2.0-rc01] AndroidManifest.xml:40:13-48
237        </activity>
238        <activity
238-->[com.google.android.gms:play-services-auth:20.7.0] AndroidManifest.xml:23:9-27:75
239            android:name="com.google.android.gms.auth.api.signin.internal.SignInHubActivity"
239-->[com.google.android.gms:play-services-auth:20.7.0] AndroidManifest.xml:24:13-93
240            android:excludeFromRecents="true"
240-->[com.google.android.gms:play-services-auth:20.7.0] AndroidManifest.xml:25:13-46
241            android:exported="false"
241-->[com.google.android.gms:play-services-auth:20.7.0] AndroidManifest.xml:26:13-37
242            android:theme="@android:style/Theme.Translucent.NoTitleBar" />
242-->[com.google.android.gms:play-services-auth:20.7.0] AndroidManifest.xml:27:13-72
243        <!--